The system is: Linux - 3.10.0-693.11.6.el7.x86_64 - x86_64
Compiling the C compiler identification source file "CMakeCCompilerId.c" succeeded.
Compiler: /opt/bwhpc/common/compiler/intel/compxe.2013.sp1.4.211/composer_xe_2013_sp1.4.211/bin/intel64/icc 
Build flags: 
Id flags: 

The output was:
0


Compilation of the C compiler identification source "CMakeCCompilerId.c" produced "a.out"

The C compiler identification is Intel, found in "/pfs/work2/workspace/scratch/fr_sr1088-LPJ-GUESS-0/LPJ-GUESS_3.1/CMakeFiles/2.8.12.2/CompilerIdC/a.out"

Compiling the CXX compiler identification source file "CMakeCXXCompilerId.cpp" succeeded.
Compiler: /opt/bwhpc/common/compiler/intel/compxe.2013.sp1.4.211/composer_xe_2013_sp1.4.211/bin/intel64/icpc 
Build flags: 
Id flags: 

The output was:
0


Compilation of the CXX compiler identification source "CMakeCXXCompilerId.cpp" produced "a.out"

The CXX compiler identification is Intel, found in "/pfs/work2/workspace/scratch/fr_sr1088-LPJ-GUESS-0/LPJ-GUESS_3.1/CMakeFiles/2.8.12.2/CompilerIdCXX/a.out"

Determining if the C compiler works passed with the following output:
Change Dir: /pfs/work2/workspace/scratch/fr_sr1088-LPJ-GUESS-0/LPJ-GUESS_3.1/CMakeFiles/CMakeTmp

Run Build Command:/usr/bin/gmake "cmTryCompileExec771541671/fast"
/usr/bin/gmake -f CMakeFiles/cmTryCompileExec771541671.dir/build.make CMakeFiles/cmTryCompileExec771541671.dir/build
gmake[1]: Entering directory `/pfs/work2/workspace/scratch/fr_sr1088-LPJ-GUESS-0/LPJ-GUESS_3.1/CMakeFiles/CMakeTmp'
/usr/bin/cmake -E cmake_progress_report /pfs/work2/workspace/scratch/fr_sr1088-LPJ-GUESS-0/LPJ-GUESS_3.1/CMakeFiles/CMakeTmp/CMakeFiles 1
Building C object CMakeFiles/cmTryCompileExec771541671.dir/testCCompiler.c.o
/opt/bwhpc/common/compiler/intel/compxe.2013.sp1.4.211/composer_xe_2013_sp1.4.211/bin/intel64/icc    -o CMakeFiles/cmTryCompileExec771541671.dir/testCCompiler.c.o   -c /pfs/work2/workspace/scratch/fr_sr1088-LPJ-GUESS-0/LPJ-GUESS_3.1/CMakeFiles/CMakeTmp/testCCompiler.c
Linking C executable cmTryCompileExec771541671
/usr/bin/cmake -E cmake_link_script CMakeFiles/cmTryCompileExec771541671.dir/link.txt --verbose=1
/opt/bwhpc/common/compiler/intel/compxe.2013.sp1.4.211/composer_xe_2013_sp1.4.211/bin/intel64/icc       CMakeFiles/cmTryCompileExec771541671.dir/testCCompiler.c.o  -o cmTryCompileExec771541671 -rdynamic 
gmake[1]: Leaving directory `/pfs/work2/workspace/scratch/fr_sr1088-LPJ-GUESS-0/LPJ-GUESS_3.1/CMakeFiles/CMakeTmp'


Detecting C compiler ABI info compiled with the following output:
Change Dir: /pfs/work2/workspace/scratch/fr_sr1088-LPJ-GUESS-0/LPJ-GUESS_3.1/CMakeFiles/CMakeTmp

Run Build Command:/usr/bin/gmake "cmTryCompileExec117198582/fast"
/usr/bin/gmake -f CMakeFiles/cmTryCompileExec117198582.dir/build.make CMakeFiles/cmTryCompileExec117198582.dir/build
gmake[1]: Entering directory `/pfs/work2/workspace/scratch/fr_sr1088-LPJ-GUESS-0/LPJ-GUESS_3.1/CMakeFiles/CMakeTmp'
/usr/bin/cmake -E cmake_progress_report /pfs/work2/workspace/scratch/fr_sr1088-LPJ-GUESS-0/LPJ-GUESS_3.1/CMakeFiles/CMakeTmp/CMakeFiles 1
Building C object CMakeFiles/cmTryCompileExec117198582.dir/CMakeCCompilerABI.c.o
/opt/bwhpc/common/compiler/intel/compxe.2013.sp1.4.211/composer_xe_2013_sp1.4.211/bin/intel64/icc    -o CMakeFiles/cmTryCompileExec117198582.dir/CMakeCCompilerABI.c.o   -c /usr/share/cmake/Modules/CMakeCCompilerABI.c
Linking C executable cmTryCompileExec117198582
/usr/bin/cmake -E cmake_link_script CMakeFiles/cmTryCompileExec117198582.dir/link.txt --verbose=1
/opt/bwhpc/common/compiler/intel/compxe.2013.sp1.4.211/composer_xe_2013_sp1.4.211/bin/intel64/icc     -v CMakeFiles/cmTryCompileExec117198582.dir/CMakeCCompilerABI.c.o  -o cmTryCompileExec117198582 -rdynamic  
icc version 14.0.4 (gcc version 4.8.1 compatibility)
/pfs/data1/software_uc1/bwhpc/common/compiler/intel/compxe.2013.sp1.4.211/composer_xe_2013_sp1.4.211/bin/intel64/mcpcom    -mP1OPT_version=14.0-intel64 -mGLOB_diag_file=CMakeFiles/cmTryCompileExec117198582.dir/CMakeCCompilerABI.c.diag -mP1OPT_print_version=FALSE -mCG_use_gas_got_workaround=F -mP2OPT_align_option_used=TRUE -mGLOB_gcc_version=481 "-mGLOB_options_string=-v -o cmTryCompileExec117198582 -rdynamic" -mGLOB_cxx_limited_range=FALSE -mCG_extend_parms=FALSE -mGLOB_compiler_bin_directory=/pfs/data1/software_uc1/bwhpc/common/compiler/intel/compxe.2013.sp1.4.211/composer_xe_2013_sp1.4.211/bin/intel64 -mGLOB_as_output_backup_file_name=/scratch/iccyIczhjas_.s -mIPOPT_activate -mGLOB_em64t -mGLOB_product_id_code=0x22006d91 -mP3OPT_use_mspp_call_convention -mPGOPTI_value_profile_use=T -mP2OPT_il0_array_sections=TRUE -mGLOB_offload_mode=1 -mP2OPT_offload_unique_var_string=icc1575147211jAbxaT -mP2OPT_hlo -mP2OPT_hpo_rtt_control=0 -mIPOPT_args_in_regs=0 -mP2OPT_disam_assume_nonstd_intent_in=FALSE -mGLOB_imf_mapping_library=/pfs/data1/software_uc1/bwhpc/common/compiler/intel/compxe.2013.sp1.4.211/composer_xe_2013_sp1.4.211/bin/intel64/libiml_attr.so -mIPOPT_link -mIPOPT_ipo_activate -mIPOPT_mo_activate -mIPOPT_source_files_list=/scratch/iccslisDYozFl -mIPOPT_mo_global_data -mIPOPT_link_script_file=/scratch/iccscriptHXoJc0 "-mIPOPT_cmdline_link="/usr/lib/gcc/x86_64-redhat-linux/4.8.5/../../../../lib64/crt1.o" "/usr/lib/gcc/x86_64-redhat-linux/4.8.5/../../../../lib64/crti.o" "/usr/lib/gcc/x86_64-redhat-linux/4.8.5/crtbegin.o" "-export-dynamic" "--eh-frame-hdr" "--build-id" "-dynamic-linker" "/lib64/ld-linux-x86-64.so.2" "-o" "cmTryCompileExec117198582" "-L/opt/bwhpc/common/compiler/intel/compxe.2013.sp1.4.211/composer_xe_2013_sp1.4.211/compiler/lib/intel64" "-L/pfs/data1/software_uc1/bwhpc/common/compiler/intel/compxe.2013.sp1.4.211/composer_xe_2013_sp1.4.211/compiler/lib/intel64" "-L/usr/lib/gcc/x86_64-redhat-linux/4.8.5/" "-L/usr/lib/gcc/x86_64-redhat-linux/4.8.5/../../../../lib64" "-L/usr/lib/gcc/x86_64-redhat-linux/4.8.5/../../../../lib64/" "-L/lib/../lib64" "-L/lib/../lib64/" "-L/usr/lib/../lib64" "-L/usr/lib/../lib64/" "-L/opt/bwhpc/common/compiler/intel/compxe.2013.sp1.4.211/composer_xe_2013_sp1.4.211/compiler/lib/intel64/" "-L/usr/lib/gcc/x86_64-redhat-linux/4.8.5/../../../" "-L/lib64" "-L/lib/" "-L/usr/lib64" "-L/usr/lib" "CMakeFiles/cmTryCompileExec117198582.dir/CMakeCCompilerABI.c.o" "-Bdynamic" "-Bstatic" "-limf" "-lsvml" "-lirng" "-Bdynamic" "-lm" "-Bstatic" "-lipgo" "-ldecimal" "--as-needed" "-Bdynamic" "-lcilkrts" "-lstdc++" "--no-as-needed" "-lgcc" "-lgcc_s" "-Bstatic" "-lirc" "-lsvml" "-Bdynamic" "-lc" "-lgcc" "-lgcc_s" "-Bstatic" "-lirc_s" "-Bdynamic" "-ldl" "-lc" "/usr/lib/gcc/x86_64-redhat-linux/4.8.5/crtend.o" "/usr/lib/gcc/x86_64-redhat-linux/4.8.5/../../../../lib64/crtn.o"" -mIPOPT_il_in_obj -mIPOPT_ipo_activate_warn=FALSE -mIPOPT_obj_output_file_name=/scratch/ipo_iccCuoJsq.o -mIPOPT_whole_archive_fixup_file_name=/scratch/iccwarcho2Xq69 -mGLOB_linker_version=2.27 -mGLOB_long_size_64 -mGLOB_routine_pointer_size_64 -mGLOB_driver_tempfile_name=/scratch/icctempfilefKAhHO -mP3OPT_asm_target=P3OPT_ASM_TARGET_GAS -mGLOB_async_unwind_tables=TRUE -mGLOB_obj_output_file=/scratch/ipo_iccCuoJsq.o -mGLOB_source_dialect=GLOB_SOURCE_DIALECT_NONE -mP1OPT_source_file_name=ipo_out.c CMakeFiles/cmTryCompileExec117198582.dir/CMakeCCompilerABI.c.o -mIPOPT_object_files=T -mIPOPT_assembly_files=/scratch/iccaliswMdZwJ -mIPOPT_generated_tempfiles=/scratch/iccelis4TO73n -mIPOPT_embedded_object_base_name=/scratch/icceobjJiDgB2 -mIPOPT_cmdline_link_new_name=/scratch/iccllisaPTp8G
ld    /usr/lib/gcc/x86_64-redhat-linux/4.8.5/../../../../lib64/crt1.o /usr/lib/gcc/x86_64-redhat-linux/4.8.5/../../../../lib64/crti.o /usr/lib/gcc/x86_64-redhat-linux/4.8.5/crtbegin.o -export-dynamic --eh-frame-hdr --build-id -dynamic-linker /lib64/ld-linux-x86-64.so.2 -o cmTryCompileExec117198582 -L/opt/bwhpc/common/compiler/intel/compxe.2013.sp1.4.211/composer_xe_2013_sp1.4.211/compiler/lib/intel64 -L/pfs/data1/software_uc1/bwhpc/common/compiler/intel/compxe.2013.sp1.4.211/composer_xe_2013_sp1.4.211/compiler/lib/intel64 -L/usr/lib/gcc/x86_64-redhat-linux/4.8.5/ -L/usr/lib/gcc/x86_64-redhat-linux/4.8.5/../../../../lib64 -L/usr/lib/gcc/x86_64-redhat-linux/4.8.5/../../../../lib64/ -L/lib/../lib64 -L/lib/../lib64/ -L/usr/lib/../lib64 -L/usr/lib/../lib64/ -L/opt/bwhpc/common/compiler/intel/compxe.2013.sp1.4.211/composer_xe_2013_sp1.4.211/compiler/lib/intel64/ -L/usr/lib/gcc/x86_64-redhat-linux/4.8.5/../../../ -L/lib64 -L/lib/ -L/usr/lib64 -L/usr/lib CMakeFiles/cmTryCompileExec117198582.dir/CMakeCCompilerABI.c.o -Bdynamic -Bstatic -limf -lsvml -lirng -Bdynamic -lm -Bstatic -lipgo -ldecimal --as-needed -Bdynamic -lcilkrts -lstdc++ --no-as-needed -lgcc -lgcc_s -Bstatic -lirc -lsvml -Bdynamic -lc -lgcc -lgcc_s -Bstatic -lirc_s -Bdynamic -ldl -lc /usr/lib/gcc/x86_64-redhat-linux/4.8.5/crtend.o /usr/lib/gcc/x86_64-redhat-linux/4.8.5/../../../../lib64/crtn.o
gmake[1]: Leaving directory `/pfs/work2/workspace/scratch/fr_sr1088-LPJ-GUESS-0/LPJ-GUESS_3.1/CMakeFiles/CMakeTmp'


Parsed C implicit link information from above output:
  link line regex: [^( *|.*[/\])(ld|([^/\]+-)?ld|collect2)[^/\]*( |$)]
  ignore line: [Change Dir: /pfs/work2/workspace/scratch/fr_sr1088-LPJ-GUESS-0/LPJ-GUESS_3.1/CMakeFiles/CMakeTmp]
  ignore line: []
  ignore line: [Run Build Command:/usr/bin/gmake "cmTryCompileExec117198582/fast"]
  ignore line: [/usr/bin/gmake -f CMakeFiles/cmTryCompileExec117198582.dir/build.make CMakeFiles/cmTryCompileExec117198582.dir/build]
  ignore line: [gmake[1]: Entering directory `/pfs/work2/workspace/scratch/fr_sr1088-LPJ-GUESS-0/LPJ-GUESS_3.1/CMakeFiles/CMakeTmp']
  ignore line: [/usr/bin/cmake -E cmake_progress_report /pfs/work2/workspace/scratch/fr_sr1088-LPJ-GUESS-0/LPJ-GUESS_3.1/CMakeFiles/CMakeTmp/CMakeFiles 1]
  ignore line: [Building C object CMakeFiles/cmTryCompileExec117198582.dir/CMakeCCompilerABI.c.o]
  ignore line: [/opt/bwhpc/common/compiler/intel/compxe.2013.sp1.4.211/composer_xe_2013_sp1.4.211/bin/intel64/icc    -o CMakeFiles/cmTryCompileExec117198582.dir/CMakeCCompilerABI.c.o   -c /usr/share/cmake/Modules/CMakeCCompilerABI.c]
  ignore line: [Linking C executable cmTryCompileExec117198582]
  ignore line: [/usr/bin/cmake -E cmake_link_script CMakeFiles/cmTryCompileExec117198582.dir/link.txt --verbose=1]
  ignore line: [/opt/bwhpc/common/compiler/intel/compxe.2013.sp1.4.211/composer_xe_2013_sp1.4.211/bin/intel64/icc     -v CMakeFiles/cmTryCompileExec117198582.dir/CMakeCCompilerABI.c.o  -o cmTryCompileExec117198582 -rdynamic  ]
  ignore line: [icc version 14.0.4 (gcc version 4.8.1 compatibility)]
  ignore line: [/pfs/data1/software_uc1/bwhpc/common/compiler/intel/compxe.2013.sp1.4.211/composer_xe_2013_sp1.4.211/bin/intel64/mcpcom    -mP1OPT_version=14.0-intel64 -mGLOB_diag_file=CMakeFiles/cmTryCompileExec117198582.dir/CMakeCCompilerABI.c.diag -mP1OPT_print_version=FALSE -mCG_use_gas_got_workaround=F -mP2OPT_align_option_used=TRUE -mGLOB_gcc_version=481 "-mGLOB_options_string=-v -o cmTryCompileExec117198582 -rdynamic" -mGLOB_cxx_limited_range=FALSE -mCG_extend_parms=FALSE -mGLOB_compiler_bin_directory=/pfs/data1/software_uc1/bwhpc/common/compiler/intel/compxe.2013.sp1.4.211/composer_xe_2013_sp1.4.211/bin/intel64 -mGLOB_as_output_backup_file_name=/scratch/iccyIczhjas_.s -mIPOPT_activate -mGLOB_em64t -mGLOB_product_id_code=0x22006d91 -mP3OPT_use_mspp_call_convention -mPGOPTI_value_profile_use=T -mP2OPT_il0_array_sections=TRUE -mGLOB_offload_mode=1 -mP2OPT_offload_unique_var_string=icc1575147211jAbxaT -mP2OPT_hlo -mP2OPT_hpo_rtt_control=0 -mIPOPT_args_in_regs=0 -mP2OPT_disam_assume_nonstd_intent_in=FALSE -mGLOB_imf_mapping_library=/pfs/data1/software_uc1/bwhpc/common/compiler/intel/compxe.2013.sp1.4.211/composer_xe_2013_sp1.4.211/bin/intel64/libiml_attr.so -mIPOPT_link -mIPOPT_ipo_activate -mIPOPT_mo_activate -mIPOPT_source_files_list=/scratch/iccslisDYozFl -mIPOPT_mo_global_data -mIPOPT_link_script_file=/scratch/iccscriptHXoJc0 "-mIPOPT_cmdline_link="/usr/lib/gcc/x86_64-redhat-linux/4.8.5/../../../../lib64/crt1.o" "/usr/lib/gcc/x86_64-redhat-linux/4.8.5/../../../../lib64/crti.o" "/usr/lib/gcc/x86_64-redhat-linux/4.8.5/crtbegin.o" "-export-dynamic" "--eh-frame-hdr" "--build-id" "-dynamic-linker" "/lib64/ld-linux-x86-64.so.2" "-o" "cmTryCompileExec117198582" "-L/opt/bwhpc/common/compiler/intel/compxe.2013.sp1.4.211/composer_xe_2013_sp1.4.211/compiler/lib/intel64" "-L/pfs/data1/software_uc1/bwhpc/common/compiler/intel/compxe.2013.sp1.4.211/composer_xe_2013_sp1.4.211/compiler/lib/intel64" "-L/usr/lib/gcc/x86_64-redhat-linux/4.8.5/" "-L/usr/lib/gcc/x86_64-redhat-linux/4.8.5/../../../../lib64" "-L/usr/lib/gcc/x86_64-redhat-linux/4.8.5/../../../../lib64/" "-L/lib/../lib64" "-L/lib/../lib64/" "-L/usr/lib/../lib64" "-L/usr/lib/../lib64/" "-L/opt/bwhpc/common/compiler/intel/compxe.2013.sp1.4.211/composer_xe_2013_sp1.4.211/compiler/lib/intel64/" "-L/usr/lib/gcc/x86_64-redhat-linux/4.8.5/../../../" "-L/lib64" "-L/lib/" "-L/usr/lib64" "-L/usr/lib" "CMakeFiles/cmTryCompileExec117198582.dir/CMakeCCompilerABI.c.o" "-Bdynamic" "-Bstatic" "-limf" "-lsvml" "-lirng" "-Bdynamic" "-lm" "-Bstatic" "-lipgo" "-ldecimal" "--as-needed" "-Bdynamic" "-lcilkrts" "-lstdc++" "--no-as-needed" "-lgcc" "-lgcc_s" "-Bstatic" "-lirc" "-lsvml" "-Bdynamic" "-lc" "-lgcc" "-lgcc_s" "-Bstatic" "-lirc_s" "-Bdynamic" "-ldl" "-lc" "/usr/lib/gcc/x86_64-redhat-linux/4.8.5/crtend.o" "/usr/lib/gcc/x86_64-redhat-linux/4.8.5/../../../../lib64/crtn.o"" -mIPOPT_il_in_obj -mIPOPT_ipo_activate_warn=FALSE -mIPOPT_obj_output_file_name=/scratch/ipo_iccCuoJsq.o -mIPOPT_whole_archive_fixup_file_name=/scratch/iccwarcho2Xq69 -mGLOB_linker_version=2.27 -mGLOB_long_size_64 -mGLOB_routine_pointer_size_64 -mGLOB_driver_tempfile_name=/scratch/icctempfilefKAhHO -mP3OPT_asm_target=P3OPT_ASM_TARGET_GAS -mGLOB_async_unwind_tables=TRUE -mGLOB_obj_output_file=/scratch/ipo_iccCuoJsq.o -mGLOB_source_dialect=GLOB_SOURCE_DIALECT_NONE -mP1OPT_source_file_name=ipo_out.c CMakeFiles/cmTryCompileExec117198582.dir/CMakeCCompilerABI.c.o -mIPOPT_object_files=T -mIPOPT_assembly_files=/scratch/iccaliswMdZwJ -mIPOPT_generated_tempfiles=/scratch/iccelis4TO73n -mIPOPT_embedded_object_base_name=/scratch/icceobjJiDgB2 -mIPOPT_cmdline_link_new_name=/scratch/iccllisaPTp8G]
  link line: [ld    /usr/lib/gcc/x86_64-redhat-linux/4.8.5/../../../../lib64/crt1.o /usr/lib/gcc/x86_64-redhat-linux/4.8.5/../../../../lib64/crti.o /usr/lib/gcc/x86_64-redhat-linux/4.8.5/crtbegin.o -export-dynamic --eh-frame-hdr --build-id -dynamic-linker /lib64/ld-linux-x86-64.so.2 -o cmTryCompileExec117198582 -L/opt/bwhpc/common/compiler/intel/compxe.2013.sp1.4.211/composer_xe_2013_sp1.4.211/compiler/lib/intel64 -L/pfs/data1/software_uc1/bwhpc/common/compiler/intel/compxe.2013.sp1.4.211/composer_xe_2013_sp1.4.211/compiler/lib/intel64 -L/usr/lib/gcc/x86_64-redhat-linux/4.8.5/ -L/usr/lib/gcc/x86_64-redhat-linux/4.8.5/../../../../lib64 -L/usr/lib/gcc/x86_64-redhat-linux/4.8.5/../../../../lib64/ -L/lib/../lib64 -L/lib/../lib64/ -L/usr/lib/../lib64 -L/usr/lib/../lib64/ -L/opt/bwhpc/common/compiler/intel/compxe.2013.sp1.4.211/composer_xe_2013_sp1.4.211/compiler/lib/intel64/ -L/usr/lib/gcc/x86_64-redhat-linux/4.8.5/../../../ -L/lib64 -L/lib/ -L/usr/lib64 -L/usr/lib CMakeFiles/cmTryCompileExec117198582.dir/CMakeCCompilerABI.c.o -Bdynamic -Bstatic -limf -lsvml -lirng -Bdynamic -lm -Bstatic -lipgo -ldecimal --as-needed -Bdynamic -lcilkrts -lstdc++ --no-as-needed -lgcc -lgcc_s -Bstatic -lirc -lsvml -Bdynamic -lc -lgcc -lgcc_s -Bstatic -lirc_s -Bdynamic -ldl -lc /usr/lib/gcc/x86_64-redhat-linux/4.8.5/crtend.o /usr/lib/gcc/x86_64-redhat-linux/4.8.5/../../../../lib64/crtn.o]
    arg [ld] ==> ignore
    arg [/usr/lib/gcc/x86_64-redhat-linux/4.8.5/../../../../lib64/crt1.o] ==> ignore
    arg [/usr/lib/gcc/x86_64-redhat-linux/4.8.5/../../../../lib64/crti.o] ==> ignore
    arg [/usr/lib/gcc/x86_64-redhat-linux/4.8.5/crtbegin.o] ==> ignore
    arg [-export-dynamic] ==> ignore
    arg [--eh-frame-hdr] ==> ignore
    arg [--build-id] ==> ignore
    arg [-dynamic-linker] ==> ignore
    arg [/lib64/ld-linux-x86-64.so.2] ==> ignore
    arg [-o] ==> ignore
    arg [cmTryCompileExec117198582] ==> ignore
    arg [-L/opt/bwhpc/common/compiler/intel/compxe.2013.sp1.4.211/composer_xe_2013_sp1.4.211/compiler/lib/intel64] ==> dir [/opt/bwhpc/common/compiler/intel/compxe.2013.sp1.4.211/composer_xe_2013_sp1.4.211/compiler/lib/intel64]
    arg [-L/pfs/data1/software_uc1/bwhpc/common/compiler/intel/compxe.2013.sp1.4.211/composer_xe_2013_sp1.4.211/compiler/lib/intel64] ==> dir [/pfs/data1/software_uc1/bwhpc/common/compiler/intel/compxe.2013.sp1.4.211/composer_xe_2013_sp1.4.211/compiler/lib/intel64]
    arg [-L/usr/lib/gcc/x86_64-redhat-linux/4.8.5/] ==> dir [/usr/lib/gcc/x86_64-redhat-linux/4.8.5/]
    arg [-L/usr/lib/gcc/x86_64-redhat-linux/4.8.5/../../../../lib64] ==> dir [/usr/lib/gcc/x86_64-redhat-linux/4.8.5/../../../../lib64]
    arg [-L/usr/lib/gcc/x86_64-redhat-linux/4.8.5/../../../../lib64/] ==> dir [/usr/lib/gcc/x86_64-redhat-linux/4.8.5/../../../../lib64/]
    arg [-L/lib/../lib64] ==> dir [/lib/../lib64]
    arg [-L/lib/../lib64/] ==> dir [/lib/../lib64/]
    arg [-L/usr/lib/../lib64] ==> dir [/usr/lib/../lib64]
    arg [-L/usr/lib/../lib64/] ==> dir [/usr/lib/../lib64/]
    arg [-L/opt/bwhpc/common/compiler/intel/compxe.2013.sp1.4.211/composer_xe_2013_sp1.4.211/compiler/lib/intel64/] ==> dir [/opt/bwhpc/common/compiler/intel/compxe.2013.sp1.4.211/composer_xe_2013_sp1.4.211/compiler/lib/intel64/]
    arg [-L/usr/lib/gcc/x86_64-redhat-linux/4.8.5/../../../] ==> dir [/usr/lib/gcc/x86_64-redhat-linux/4.8.5/../../../]
    arg [-L/lib64] ==> dir [/lib64]
    arg [-L/lib/] ==> dir [/lib/]
    arg [-L/usr/lib64] ==> dir [/usr/lib64]
    arg [-L/usr/lib] ==> dir [/usr/lib]
    arg [CMakeFiles/cmTryCompileExec117198582.dir/CMakeCCompilerABI.c.o] ==> ignore
    arg [-Bdynamic] ==> ignore
    arg [-Bstatic] ==> ignore
    arg [-limf] ==> lib [imf]
    arg [-lsvml] ==> lib [svml]
    arg [-lirng] ==> lib [irng]
    arg [-Bdynamic] ==> ignore
    arg [-lm] ==> lib [m]
    arg [-Bstatic] ==> ignore
    arg [-lipgo] ==> lib [ipgo]
    arg [-ldecimal] ==> lib [decimal]
    arg [--as-needed] ==> ignore
    arg [-Bdynamic] ==> ignore
    arg [-lcilkrts] ==> lib [cilkrts]
    arg [-lstdc++] ==> lib [stdc++]
    arg [--no-as-needed] ==> ignore
    arg [-lgcc] ==> lib [gcc]
    arg [-lgcc_s] ==> lib [gcc_s]
    arg [-Bstatic] ==> ignore
    arg [-lirc] ==> lib [irc]
    arg [-lsvml] ==> lib [svml]
    arg [-Bdynamic] ==> ignore
    arg [-lc] ==> lib [c]
    arg [-lgcc] ==> lib [gcc]
    arg [-lgcc_s] ==> lib [gcc_s]
    arg [-Bstatic] ==> ignore
    arg [-lirc_s] ==> lib [irc_s]
    arg [-Bdynamic] ==> ignore
    arg [-ldl] ==> lib [dl]
    arg [-lc] ==> lib [c]
    arg [/usr/lib/gcc/x86_64-redhat-linux/4.8.5/crtend.o] ==> ignore
    arg [/usr/lib/gcc/x86_64-redhat-linux/4.8.5/../../../../lib64/crtn.o] ==> ignore
  remove lib [gcc]
  remove lib [gcc_s]
  remove lib [gcc]
  remove lib [gcc_s]
  collapse library dir [/opt/bwhpc/common/compiler/intel/compxe.2013.sp1.4.211/composer_xe_2013_sp1.4.211/compiler/lib/intel64] ==> [/opt/bwhpc/common/compiler/intel/compxe.2013.sp1.4.211/composer_xe_2013_sp1.4.211/compiler/lib/intel64]
  collapse library dir [/pfs/data1/software_uc1/bwhpc/common/compiler/intel/compxe.2013.sp1.4.211/composer_xe_2013_sp1.4.211/compiler/lib/intel64] ==> [/pfs/data1/software_uc1/bwhpc/common/compiler/intel/compxe.2013.sp1.4.211/composer_xe_2013_sp1.4.211/compiler/lib/intel64]
  collapse library dir [/usr/lib/gcc/x86_64-redhat-linux/4.8.5/] ==> [/usr/lib/gcc/x86_64-redhat-linux/4.8.5]
  collapse library dir [/usr/lib/gcc/x86_64-redhat-linux/4.8.5/../../../../lib64] ==> [/usr/lib64]
  collapse library dir [/usr/lib/gcc/x86_64-redhat-linux/4.8.5/../../../../lib64/] ==> [/usr/lib64]
  collapse library dir [/lib/../lib64] ==> [/lib64]
  collapse library dir [/lib/../lib64/] ==> [/lib64]
  collapse library dir [/usr/lib/../lib64] ==> [/usr/lib64]
  collapse library dir [/usr/lib/../lib64/] ==> [/usr/lib64]
  collapse library dir [/opt/bwhpc/common/compiler/intel/compxe.2013.sp1.4.211/composer_xe_2013_sp1.4.211/compiler/lib/intel64/] ==> [/opt/bwhpc/common/compiler/intel/compxe.2013.sp1.4.211/composer_xe_2013_sp1.4.211/compiler/lib/intel64]
  collapse library dir [/usr/lib/gcc/x86_64-redhat-linux/4.8.5/../../../] ==> [/usr/lib]
  collapse library dir [/lib64] ==> [/lib64]
  collapse library dir [/lib/] ==> [/lib]
  collapse library dir [/usr/lib64] ==> [/usr/lib64]
  collapse library dir [/usr/lib] ==> [/usr/lib]
  implicit libs: [imf;svml;irng;m;ipgo;decimal;cilkrts;stdc++;irc;svml;c;irc_s;dl;c]
  implicit dirs: [/opt/bwhpc/common/compiler/intel/compxe.2013.sp1.4.211/composer_xe_2013_sp1.4.211/compiler/lib/intel64;/pfs/data1/software_uc1/bwhpc/common/compiler/intel/compxe.2013.sp1.4.211/composer_xe_2013_sp1.4.211/compiler/lib/intel64;/usr/lib/gcc/x86_64-redhat-linux/4.8.5;/usr/lib64;/lib64;/usr/lib;/lib]
  implicit fwks: []


Determining if the CXX compiler works passed with the following output:
Change Dir: /pfs/work2/workspace/scratch/fr_sr1088-LPJ-GUESS-0/LPJ-GUESS_3.1/CMakeFiles/CMakeTmp

Run Build Command:/usr/bin/gmake "cmTryCompileExec3314811343/fast"
/usr/bin/gmake -f CMakeFiles/cmTryCompileExec3314811343.dir/build.make CMakeFiles/cmTryCompileExec3314811343.dir/build
gmake[1]: Entering directory `/pfs/work2/workspace/scratch/fr_sr1088-LPJ-GUESS-0/LPJ-GUESS_3.1/CMakeFiles/CMakeTmp'
/usr/bin/cmake -E cmake_progress_report /pfs/work2/workspace/scratch/fr_sr1088-LPJ-GUESS-0/LPJ-GUESS_3.1/CMakeFiles/CMakeTmp/CMakeFiles 1
Building CXX object CMakeFiles/cmTryCompileExec3314811343.dir/testCXXCompiler.cxx.o
/opt/bwhpc/common/compiler/intel/compxe.2013.sp1.4.211/composer_xe_2013_sp1.4.211/bin/intel64/icpc     -o CMakeFiles/cmTryCompileExec3314811343.dir/testCXXCompiler.cxx.o -c /pfs/work2/workspace/scratch/fr_sr1088-LPJ-GUESS-0/LPJ-GUESS_3.1/CMakeFiles/CMakeTmp/testCXXCompiler.cxx
Linking CXX executable cmTryCompileExec3314811343
/usr/bin/cmake -E cmake_link_script CMakeFiles/cmTryCompileExec3314811343.dir/link.txt --verbose=1
/opt/bwhpc/common/compiler/intel/compxe.2013.sp1.4.211/composer_xe_2013_sp1.4.211/bin/intel64/icpc        CMakeFiles/cmTryCompileExec3314811343.dir/testCXXCompiler.cxx.o  -o cmTryCompileExec3314811343 -rdynamic 
gmake[1]: Leaving directory `/pfs/work2/workspace/scratch/fr_sr1088-LPJ-GUESS-0/LPJ-GUESS_3.1/CMakeFiles/CMakeTmp'


Detecting CXX compiler ABI info compiled with the following output:
Change Dir: /pfs/work2/workspace/scratch/fr_sr1088-LPJ-GUESS-0/LPJ-GUESS_3.1/CMakeFiles/CMakeTmp

Run Build Command:/usr/bin/gmake "cmTryCompileExec923406221/fast"
/usr/bin/gmake -f CMakeFiles/cmTryCompileExec923406221.dir/build.make CMakeFiles/cmTryCompileExec923406221.dir/build
gmake[1]: Entering directory `/pfs/work2/workspace/scratch/fr_sr1088-LPJ-GUESS-0/LPJ-GUESS_3.1/CMakeFiles/CMakeTmp'
/usr/bin/cmake -E cmake_progress_report /pfs/work2/workspace/scratch/fr_sr1088-LPJ-GUESS-0/LPJ-GUESS_3.1/CMakeFiles/CMakeTmp/CMakeFiles 1
Building CXX object CMakeFiles/cmTryCompileExec923406221.dir/CMakeCXXCompilerABI.cpp.o
/opt/bwhpc/common/compiler/intel/compxe.2013.sp1.4.211/composer_xe_2013_sp1.4.211/bin/intel64/icpc     -o CMakeFiles/cmTryCompileExec923406221.dir/CMakeCXXCompilerABI.cpp.o -c /usr/share/cmake/Modules/CMakeCXXCompilerABI.cpp
Linking CXX executable cmTryCompileExec923406221
/usr/bin/cmake -E cmake_link_script CMakeFiles/cmTryCompileExec923406221.dir/link.txt --verbose=1
/opt/bwhpc/common/compiler/intel/compxe.2013.sp1.4.211/composer_xe_2013_sp1.4.211/bin/intel64/icpc      -v CMakeFiles/cmTryCompileExec923406221.dir/CMakeCXXCompilerABI.cpp.o  -o cmTryCompileExec923406221 -rdynamic  
icpc version 14.0.4 (gcc version 4.8.1 compatibility)
/pfs/data1/software_uc1/bwhpc/common/compiler/intel/compxe.2013.sp1.4.211/composer_xe_2013_sp1.4.211/bin/intel64/mcpcom    -mP1OPT_version=14.0-intel64 -mGLOB_diag_file=CMakeFiles/cmTryCompileExec923406221.dir/CMakeCXXCompilerABI.cpp.diag -mP1OPT_print_version=FALSE -mCG_use_gas_got_workaround=F -mP2OPT_align_option_used=TRUE -mGLOB_gcc_version=481 "-mGLOB_options_string=-v -o cmTryCompileExec923406221 -rdynamic" -mGLOB_cxx_limited_range=FALSE -mCG_extend_parms=FALSE -mGLOB_compiler_bin_directory=/pfs/data1/software_uc1/bwhpc/common/compiler/intel/compxe.2013.sp1.4.211/composer_xe_2013_sp1.4.211/bin/intel64 -mGLOB_as_output_backup_file_name=/scratch/icpcJqVMbIas_.s -mIPOPT_activate -mGLOB_em64t -mGLOB_product_id_code=0x22006d8e -mP3OPT_use_mspp_call_convention -mPGOPTI_value_profile_use=T -mP2OPT_il0_array_sections=TRUE -mGLOB_offload_mode=1 -mP2OPT_offload_unique_var_string=icpc524071080EC73EG -mP2OPT_hlo -mP2OPT_hpo_rtt_control=0 -mIPOPT_args_in_regs=0 -mP2OPT_disam_assume_nonstd_intent_in=FALSE -mGLOB_imf_mapping_library=/pfs/data1/software_uc1/bwhpc/common/compiler/intel/compxe.2013.sp1.4.211/composer_xe_2013_sp1.4.211/bin/intel64/libiml_attr.so -mIPOPT_link -mIPOPT_ipo_activate -mIPOPT_mo_activate -mIPOPT_source_files_list=/scratch/icpcslisdgOrFE -mIPOPT_mo_global_data -mIPOPT_link_script_file=/scratch/icpcscriptcneIal "-mIPOPT_cmdline_link="/usr/lib/gcc/x86_64-redhat-linux/4.8.5/../../../../lib64/crt1.o" "/usr/lib/gcc/x86_64-redhat-linux/4.8.5/../../../../lib64/crti.o" "/usr/lib/gcc/x86_64-redhat-linux/4.8.5/crtbegin.o" "-export-dynamic" "--eh-frame-hdr" "--build-id" "-dynamic-linker" "/lib64/ld-linux-x86-64.so.2" "-o" "cmTryCompileExec923406221" "-L/opt/bwhpc/common/compiler/intel/compxe.2013.sp1.4.211/composer_xe_2013_sp1.4.211/compiler/lib/intel64" "-L/pfs/data1/software_uc1/bwhpc/common/compiler/intel/compxe.2013.sp1.4.211/composer_xe_2013_sp1.4.211/compiler/lib/intel64" "-L/usr/lib/gcc/x86_64-redhat-linux/4.8.5/" "-L/usr/lib/gcc/x86_64-redhat-linux/4.8.5/../../../../lib64" "-L/usr/lib/gcc/x86_64-redhat-linux/4.8.5/../../../../lib64/" "-L/lib/../lib64" "-L/lib/../lib64/" "-L/usr/lib/../lib64" "-L/usr/lib/../lib64/" "-L/opt/bwhpc/common/compiler/intel/compxe.2013.sp1.4.211/composer_xe_2013_sp1.4.211/compiler/lib/intel64/" "-L/usr/lib/gcc/x86_64-redhat-linux/4.8.5/../../../" "-L/lib64" "-L/lib/" "-L/usr/lib64" "-L/usr/lib" "CMakeFiles/cmTryCompileExec923406221.dir/CMakeCXXCompilerABI.cpp.o" "-Bdynamic" "-Bstatic" "-limf" "-lsvml" "-lirng" "-Bdynamic" "-lm" "-Bstatic" "-lipgo" "-ldecimal" "--as-needed" "-Bdynamic" "-lcilkrts" "--no-as-needed" "-lstdc++" "-lgcc" "-lgcc_s" "-Bstatic" "-lirc" "-lsvml" "-Bdynamic" "-lc" "-lgcc" "-lgcc_s" "-Bstatic" "-lirc_s" "-Bdynamic" "-ldl" "-lc" "/usr/lib/gcc/x86_64-redhat-linux/4.8.5/crtend.o" "/usr/lib/gcc/x86_64-redhat-linux/4.8.5/../../../../lib64/crtn.o"" -mIPOPT_il_in_obj -mIPOPT_ipo_activate_warn=FALSE -mIPOPT_obj_output_file_name=/scratch/ipo_icpcXo5YDx.o -mIPOPT_whole_archive_fixup_file_name=/scratch/icpcwarchEiOGEW -mGLOB_linker_version=2.27 -mGLOB_long_size_64 -mGLOB_routine_pointer_size_64 -mGLOB_driver_tempfile_name=/scratch/icpctempfileSXQIdD -mP3OPT_asm_target=P3OPT_ASM_TARGET_GAS -mGLOB_async_unwind_tables=TRUE -mGLOB_obj_output_file=/scratch/ipo_icpcXo5YDx.o -mGLOB_source_dialect=GLOB_SOURCE_DIALECT_NONE -mP1OPT_source_file_name=ipo_out.c CMakeFiles/cmTryCompileExec923406221.dir/CMakeCXXCompilerABI.cpp.o -mIPOPT_object_files=T -mIPOPT_assembly_files=/scratch/icpcalis6LPrEU -mIPOPT_generated_tempfiles=/scratch/icpcelisOKTG9A -mIPOPT_embedded_object_base_name=/scratch/icpceobjPw9VEh -mIPOPT_cmdline_link_new_name=/scratch/icpcllis5kSbaY
ld    /usr/lib/gcc/x86_64-redhat-linux/4.8.5/../../../../lib64/crt1.o /usr/lib/gcc/x86_64-redhat-linux/4.8.5/../../../../lib64/crti.o /usr/lib/gcc/x86_64-redhat-linux/4.8.5/crtbegin.o -export-dynamic --eh-frame-hdr --build-id -dynamic-linker /lib64/ld-linux-x86-64.so.2 -o cmTryCompileExec923406221 -L/opt/bwhpc/common/compiler/intel/compxe.2013.sp1.4.211/composer_xe_2013_sp1.4.211/compiler/lib/intel64 -L/pfs/data1/software_uc1/bwhpc/common/compiler/intel/compxe.2013.sp1.4.211/composer_xe_2013_sp1.4.211/compiler/lib/intel64 -L/usr/lib/gcc/x86_64-redhat-linux/4.8.5/ -L/usr/lib/gcc/x86_64-redhat-linux/4.8.5/../../../../lib64 -L/usr/lib/gcc/x86_64-redhat-linux/4.8.5/../../../../lib64/ -L/lib/../lib64 -L/lib/../lib64/ -L/usr/lib/../lib64 -L/usr/lib/../lib64/ -L/opt/bwhpc/common/compiler/intel/compxe.2013.sp1.4.211/composer_xe_2013_sp1.4.211/compiler/lib/intel64/ -L/usr/lib/gcc/x86_64-redhat-linux/4.8.5/../../../ -L/lib64 -L/lib/ -L/usr/lib64 -L/usr/lib CMakeFiles/cmTryCompileExec923406221.dir/CMakeCXXCompilerABI.cpp.o -Bdynamic -Bstatic -limf -lsvml -lirng -Bdynamic -lm -Bstatic -lipgo -ldecimal --as-needed -Bdynamic -lcilkrts --no-as-needed -lstdc++ -lgcc -lgcc_s -Bstatic -lirc -lsvml -Bdynamic -lc -lgcc -lgcc_s -Bstatic -lirc_s -Bdynamic -ldl -lc /usr/lib/gcc/x86_64-redhat-linux/4.8.5/crtend.o /usr/lib/gcc/x86_64-redhat-linux/4.8.5/../../../../lib64/crtn.o
gmake[1]: Leaving directory `/pfs/work2/workspace/scratch/fr_sr1088-LPJ-GUESS-0/LPJ-GUESS_3.1/CMakeFiles/CMakeTmp'


Parsed CXX implicit link information from above output:
  link line regex: [^( *|.*[/\])(ld|([^/\]+-)?ld|collect2)[^/\]*( |$)]
  ignore line: [Change Dir: /pfs/work2/workspace/scratch/fr_sr1088-LPJ-GUESS-0/LPJ-GUESS_3.1/CMakeFiles/CMakeTmp]
  ignore line: []
  ignore line: [Run Build Command:/usr/bin/gmake "cmTryCompileExec923406221/fast"]
  ignore line: [/usr/bin/gmake -f CMakeFiles/cmTryCompileExec923406221.dir/build.make CMakeFiles/cmTryCompileExec923406221.dir/build]
  ignore line: [gmake[1]: Entering directory `/pfs/work2/workspace/scratch/fr_sr1088-LPJ-GUESS-0/LPJ-GUESS_3.1/CMakeFiles/CMakeTmp']
  ignore line: [/usr/bin/cmake -E cmake_progress_report /pfs/work2/workspace/scratch/fr_sr1088-LPJ-GUESS-0/LPJ-GUESS_3.1/CMakeFiles/CMakeTmp/CMakeFiles 1]
  ignore line: [Building CXX object CMakeFiles/cmTryCompileExec923406221.dir/CMakeCXXCompilerABI.cpp.o]
  ignore line: [/opt/bwhpc/common/compiler/intel/compxe.2013.sp1.4.211/composer_xe_2013_sp1.4.211/bin/intel64/icpc     -o CMakeFiles/cmTryCompileExec923406221.dir/CMakeCXXCompilerABI.cpp.o -c /usr/share/cmake/Modules/CMakeCXXCompilerABI.cpp]
  ignore line: [Linking CXX executable cmTryCompileExec923406221]
  ignore line: [/usr/bin/cmake -E cmake_link_script CMakeFiles/cmTryCompileExec923406221.dir/link.txt --verbose=1]
  ignore line: [/opt/bwhpc/common/compiler/intel/compxe.2013.sp1.4.211/composer_xe_2013_sp1.4.211/bin/intel64/icpc      -v CMakeFiles/cmTryCompileExec923406221.dir/CMakeCXXCompilerABI.cpp.o  -o cmTryCompileExec923406221 -rdynamic  ]
  ignore line: [icpc version 14.0.4 (gcc version 4.8.1 compatibility)]
  ignore line: [/pfs/data1/software_uc1/bwhpc/common/compiler/intel/compxe.2013.sp1.4.211/composer_xe_2013_sp1.4.211/bin/intel64/mcpcom    -mP1OPT_version=14.0-intel64 -mGLOB_diag_file=CMakeFiles/cmTryCompileExec923406221.dir/CMakeCXXCompilerABI.cpp.diag -mP1OPT_print_version=FALSE -mCG_use_gas_got_workaround=F -mP2OPT_align_option_used=TRUE -mGLOB_gcc_version=481 "-mGLOB_options_string=-v -o cmTryCompileExec923406221 -rdynamic" -mGLOB_cxx_limited_range=FALSE -mCG_extend_parms=FALSE -mGLOB_compiler_bin_directory=/pfs/data1/software_uc1/bwhpc/common/compiler/intel/compxe.2013.sp1.4.211/composer_xe_2013_sp1.4.211/bin/intel64 -mGLOB_as_output_backup_file_name=/scratch/icpcJqVMbIas_.s -mIPOPT_activate -mGLOB_em64t -mGLOB_product_id_code=0x22006d8e -mP3OPT_use_mspp_call_convention -mPGOPTI_value_profile_use=T -mP2OPT_il0_array_sections=TRUE -mGLOB_offload_mode=1 -mP2OPT_offload_unique_var_string=icpc524071080EC73EG -mP2OPT_hlo -mP2OPT_hpo_rtt_control=0 -mIPOPT_args_in_regs=0 -mP2OPT_disam_assume_nonstd_intent_in=FALSE -mGLOB_imf_mapping_library=/pfs/data1/software_uc1/bwhpc/common/compiler/intel/compxe.2013.sp1.4.211/composer_xe_2013_sp1.4.211/bin/intel64/libiml_attr.so -mIPOPT_link -mIPOPT_ipo_activate -mIPOPT_mo_activate -mIPOPT_source_files_list=/scratch/icpcslisdgOrFE -mIPOPT_mo_global_data -mIPOPT_link_script_file=/scratch/icpcscriptcneIal "-mIPOPT_cmdline_link="/usr/lib/gcc/x86_64-redhat-linux/4.8.5/../../../../lib64/crt1.o" "/usr/lib/gcc/x86_64-redhat-linux/4.8.5/../../../../lib64/crti.o" "/usr/lib/gcc/x86_64-redhat-linux/4.8.5/crtbegin.o" "-export-dynamic" "--eh-frame-hdr" "--build-id" "-dynamic-linker" "/lib64/ld-linux-x86-64.so.2" "-o" "cmTryCompileExec923406221" "-L/opt/bwhpc/common/compiler/intel/compxe.2013.sp1.4.211/composer_xe_2013_sp1.4.211/compiler/lib/intel64" "-L/pfs/data1/software_uc1/bwhpc/common/compiler/intel/compxe.2013.sp1.4.211/composer_xe_2013_sp1.4.211/compiler/lib/intel64" "-L/usr/lib/gcc/x86_64-redhat-linux/4.8.5/" "-L/usr/lib/gcc/x86_64-redhat-linux/4.8.5/../../../../lib64" "-L/usr/lib/gcc/x86_64-redhat-linux/4.8.5/../../../../lib64/" "-L/lib/../lib64" "-L/lib/../lib64/" "-L/usr/lib/../lib64" "-L/usr/lib/../lib64/" "-L/opt/bwhpc/common/compiler/intel/compxe.2013.sp1.4.211/composer_xe_2013_sp1.4.211/compiler/lib/intel64/" "-L/usr/lib/gcc/x86_64-redhat-linux/4.8.5/../../../" "-L/lib64" "-L/lib/" "-L/usr/lib64" "-L/usr/lib" "CMakeFiles/cmTryCompileExec923406221.dir/CMakeCXXCompilerABI.cpp.o" "-Bdynamic" "-Bstatic" "-limf" "-lsvml" "-lirng" "-Bdynamic" "-lm" "-Bstatic" "-lipgo" "-ldecimal" "--as-needed" "-Bdynamic" "-lcilkrts" "--no-as-needed" "-lstdc++" "-lgcc" "-lgcc_s" "-Bstatic" "-lirc" "-lsvml" "-Bdynamic" "-lc" "-lgcc" "-lgcc_s" "-Bstatic" "-lirc_s" "-Bdynamic" "-ldl" "-lc" "/usr/lib/gcc/x86_64-redhat-linux/4.8.5/crtend.o" "/usr/lib/gcc/x86_64-redhat-linux/4.8.5/../../../../lib64/crtn.o"" -mIPOPT_il_in_obj -mIPOPT_ipo_activate_warn=FALSE -mIPOPT_obj_output_file_name=/scratch/ipo_icpcXo5YDx.o -mIPOPT_whole_archive_fixup_file_name=/scratch/icpcwarchEiOGEW -mGLOB_linker_version=2.27 -mGLOB_long_size_64 -mGLOB_routine_pointer_size_64 -mGLOB_driver_tempfile_name=/scratch/icpctempfileSXQIdD -mP3OPT_asm_target=P3OPT_ASM_TARGET_GAS -mGLOB_async_unwind_tables=TRUE -mGLOB_obj_output_file=/scratch/ipo_icpcXo5YDx.o -mGLOB_source_dialect=GLOB_SOURCE_DIALECT_NONE -mP1OPT_source_file_name=ipo_out.c CMakeFiles/cmTryCompileExec923406221.dir/CMakeCXXCompilerABI.cpp.o -mIPOPT_object_files=T -mIPOPT_assembly_files=/scratch/icpcalis6LPrEU -mIPOPT_generated_tempfiles=/scratch/icpcelisOKTG9A -mIPOPT_embedded_object_base_name=/scratch/icpceobjPw9VEh -mIPOPT_cmdline_link_new_name=/scratch/icpcllis5kSbaY]
  link line: [ld    /usr/lib/gcc/x86_64-redhat-linux/4.8.5/../../../../lib64/crt1.o /usr/lib/gcc/x86_64-redhat-linux/4.8.5/../../../../lib64/crti.o /usr/lib/gcc/x86_64-redhat-linux/4.8.5/crtbegin.o -export-dynamic --eh-frame-hdr --build-id -dynamic-linker /lib64/ld-linux-x86-64.so.2 -o cmTryCompileExec923406221 -L/opt/bwhpc/common/compiler/intel/compxe.2013.sp1.4.211/composer_xe_2013_sp1.4.211/compiler/lib/intel64 -L/pfs/data1/software_uc1/bwhpc/common/compiler/intel/compxe.2013.sp1.4.211/composer_xe_2013_sp1.4.211/compiler/lib/intel64 -L/usr/lib/gcc/x86_64-redhat-linux/4.8.5/ -L/usr/lib/gcc/x86_64-redhat-linux/4.8.5/../../../../lib64 -L/usr/lib/gcc/x86_64-redhat-linux/4.8.5/../../../../lib64/ -L/lib/../lib64 -L/lib/../lib64/ -L/usr/lib/../lib64 -L/usr/lib/../lib64/ -L/opt/bwhpc/common/compiler/intel/compxe.2013.sp1.4.211/composer_xe_2013_sp1.4.211/compiler/lib/intel64/ -L/usr/lib/gcc/x86_64-redhat-linux/4.8.5/../../../ -L/lib64 -L/lib/ -L/usr/lib64 -L/usr/lib CMakeFiles/cmTryCompileExec923406221.dir/CMakeCXXCompilerABI.cpp.o -Bdynamic -Bstatic -limf -lsvml -lirng -Bdynamic -lm -Bstatic -lipgo -ldecimal --as-needed -Bdynamic -lcilkrts --no-as-needed -lstdc++ -lgcc -lgcc_s -Bstatic -lirc -lsvml -Bdynamic -lc -lgcc -lgcc_s -Bstatic -lirc_s -Bdynamic -ldl -lc /usr/lib/gcc/x86_64-redhat-linux/4.8.5/crtend.o /usr/lib/gcc/x86_64-redhat-linux/4.8.5/../../../../lib64/crtn.o]
    arg [ld] ==> ignore
    arg [/usr/lib/gcc/x86_64-redhat-linux/4.8.5/../../../../lib64/crt1.o] ==> ignore
    arg [/usr/lib/gcc/x86_64-redhat-linux/4.8.5/../../../../lib64/crti.o] ==> ignore
    arg [/usr/lib/gcc/x86_64-redhat-linux/4.8.5/crtbegin.o] ==> ignore
    arg [-export-dynamic] ==> ignore
    arg [--eh-frame-hdr] ==> ignore
    arg [--build-id] ==> ignore
    arg [-dynamic-linker] ==> ignore
    arg [/lib64/ld-linux-x86-64.so.2] ==> ignore
    arg [-o] ==> ignore
    arg [cmTryCompileExec923406221] ==> ignore
    arg [-L/opt/bwhpc/common/compiler/intel/compxe.2013.sp1.4.211/composer_xe_2013_sp1.4.211/compiler/lib/intel64] ==> dir [/opt/bwhpc/common/compiler/intel/compxe.2013.sp1.4.211/composer_xe_2013_sp1.4.211/compiler/lib/intel64]
    arg [-L/pfs/data1/software_uc1/bwhpc/common/compiler/intel/compxe.2013.sp1.4.211/composer_xe_2013_sp1.4.211/compiler/lib/intel64] ==> dir [/pfs/data1/software_uc1/bwhpc/common/compiler/intel/compxe.2013.sp1.4.211/composer_xe_2013_sp1.4.211/compiler/lib/intel64]
    arg [-L/usr/lib/gcc/x86_64-redhat-linux/4.8.5/] ==> dir [/usr/lib/gcc/x86_64-redhat-linux/4.8.5/]
    arg [-L/usr/lib/gcc/x86_64-redhat-linux/4.8.5/../../../../lib64] ==> dir [/usr/lib/gcc/x86_64-redhat-linux/4.8.5/../../../../lib64]
    arg [-L/usr/lib/gcc/x86_64-redhat-linux/4.8.5/../../../../lib64/] ==> dir [/usr/lib/gcc/x86_64-redhat-linux/4.8.5/../../../../lib64/]
    arg [-L/lib/../lib64] ==> dir [/lib/../lib64]
    arg [-L/lib/../lib64/] ==> dir [/lib/../lib64/]
    arg [-L/usr/lib/../lib64] ==> dir [/usr/lib/../lib64]
    arg [-L/usr/lib/../lib64/] ==> dir [/usr/lib/../lib64/]
    arg [-L/opt/bwhpc/common/compiler/intel/compxe.2013.sp1.4.211/composer_xe_2013_sp1.4.211/compiler/lib/intel64/] ==> dir [/opt/bwhpc/common/compiler/intel/compxe.2013.sp1.4.211/composer_xe_2013_sp1.4.211/compiler/lib/intel64/]
    arg [-L/usr/lib/gcc/x86_64-redhat-linux/4.8.5/../../../] ==> dir [/usr/lib/gcc/x86_64-redhat-linux/4.8.5/../../../]
    arg [-L/lib64] ==> dir [/lib64]
    arg [-L/lib/] ==> dir [/lib/]
    arg [-L/usr/lib64] ==> dir [/usr/lib64]
    arg [-L/usr/lib] ==> dir [/usr/lib]
    arg [CMakeFiles/cmTryCompileExec923406221.dir/CMakeCXXCompilerABI.cpp.o] ==> ignore
    arg [-Bdynamic] ==> ignore
    arg [-Bstatic] ==> ignore
    arg [-limf] ==> lib [imf]
    arg [-lsvml] ==> lib [svml]
    arg [-lirng] ==> lib [irng]
    arg [-Bdynamic] ==> ignore
    arg [-lm] ==> lib [m]
    arg [-Bstatic] ==> ignore
    arg [-lipgo] ==> lib [ipgo]
    arg [-ldecimal] ==> lib [decimal]
    arg [--as-needed] ==> ignore
    arg [-Bdynamic] ==> ignore
    arg [-lcilkrts] ==> lib [cilkrts]
    arg [--no-as-needed] ==> ignore
    arg [-lstdc++] ==> lib [stdc++]
    arg [-lgcc] ==> lib [gcc]
    arg [-lgcc_s] ==> lib [gcc_s]
    arg [-Bstatic] ==> ignore
    arg [-lirc] ==> lib [irc]
    arg [-lsvml] ==> lib [svml]
    arg [-Bdynamic] ==> ignore
    arg [-lc] ==> lib [c]
    arg [-lgcc] ==> lib [gcc]
    arg [-lgcc_s] ==> lib [gcc_s]
    arg [-Bstatic] ==> ignore
    arg [-lirc_s] ==> lib [irc_s]
    arg [-Bdynamic] ==> ignore
    arg [-ldl] ==> lib [dl]
    arg [-lc] ==> lib [c]
    arg [/usr/lib/gcc/x86_64-redhat-linux/4.8.5/crtend.o] ==> ignore
    arg [/usr/lib/gcc/x86_64-redhat-linux/4.8.5/../../../../lib64/crtn.o] ==> ignore
  remove lib [gcc]
  remove lib [gcc_s]
  remove lib [gcc]
  remove lib [gcc_s]
  collapse library dir [/opt/bwhpc/common/compiler/intel/compxe.2013.sp1.4.211/composer_xe_2013_sp1.4.211/compiler/lib/intel64] ==> [/opt/bwhpc/common/compiler/intel/compxe.2013.sp1.4.211/composer_xe_2013_sp1.4.211/compiler/lib/intel64]
  collapse library dir [/pfs/data1/software_uc1/bwhpc/common/compiler/intel/compxe.2013.sp1.4.211/composer_xe_2013_sp1.4.211/compiler/lib/intel64] ==> [/pfs/data1/software_uc1/bwhpc/common/compiler/intel/compxe.2013.sp1.4.211/composer_xe_2013_sp1.4.211/compiler/lib/intel64]
  collapse library dir [/usr/lib/gcc/x86_64-redhat-linux/4.8.5/] ==> [/usr/lib/gcc/x86_64-redhat-linux/4.8.5]
  collapse library dir [/usr/lib/gcc/x86_64-redhat-linux/4.8.5/../../../../lib64] ==> [/usr/lib64]
  collapse library dir [/usr/lib/gcc/x86_64-redhat-linux/4.8.5/../../../../lib64/] ==> [/usr/lib64]
  collapse library dir [/lib/../lib64] ==> [/lib64]
  collapse library dir [/lib/../lib64/] ==> [/lib64]
  collapse library dir [/usr/lib/../lib64] ==> [/usr/lib64]
  collapse library dir [/usr/lib/../lib64/] ==> [/usr/lib64]
  collapse library dir [/opt/bwhpc/common/compiler/intel/compxe.2013.sp1.4.211/composer_xe_2013_sp1.4.211/compiler/lib/intel64/] ==> [/opt/bwhpc/common/compiler/intel/compxe.2013.sp1.4.211/composer_xe_2013_sp1.4.211/compiler/lib/intel64]
  collapse library dir [/usr/lib/gcc/x86_64-redhat-linux/4.8.5/../../../] ==> [/usr/lib]
  collapse library dir [/lib64] ==> [/lib64]
  collapse library dir [/lib/] ==> [/lib]
  collapse library dir [/usr/lib64] ==> [/usr/lib64]
  collapse library dir [/usr/lib] ==> [/usr/lib]
  implicit libs: [imf;svml;irng;m;ipgo;decimal;cilkrts;stdc++;irc;svml;c;irc_s;dl;c]
  implicit dirs: [/opt/bwhpc/common/compiler/intel/compxe.2013.sp1.4.211/composer_xe_2013_sp1.4.211/compiler/lib/intel64;/pfs/data1/software_uc1/bwhpc/common/compiler/intel/compxe.2013.sp1.4.211/composer_xe_2013_sp1.4.211/compiler/lib/intel64;/usr/lib/gcc/x86_64-redhat-linux/4.8.5;/usr/lib64;/lib64;/usr/lib;/lib]
  implicit fwks: []


